Optimize_vision/app/build/outputs/mapping/proguard/seeds.txt
com.google.mlkit.vision.demo.preference.SettingsActivity
com.google.mlkit.vision.demo.java.ChooserActivity
com.google.mlkit.vision.demo.java.CameraXLivePreviewActivity
com.google.mlkit.vision.demo.GraphicOverlay
com.google.mlkit.vision.demo.CameraSourcePreview
com.google.mlkit.vision.demo.EntryChoiceActivity
com.google.mlkit.vision.demo.EntryChoiceActivity: EntryChoiceActivity()
com.google.mlkit.vision.demo.GraphicOverlay: int getImageHeight()
com.google.mlkit.vision.demo.preference.SettingsActivity: SettingsActivity()
com.google.mlkit.vision.demo.CameraXViewModel: CameraXViewModel(android.app.Application)
com.google.mlkit.vision.demo.CameraSourcePreview: CameraSourcePreview(android.content.Context,android.util.AttributeSet)
com.google.mlkit.vision.demo.GraphicOverlay: int getImageWidth()
com.google.mlkit.vision.demo.java.ChooserActivity: ChooserActivity()
com.google.mlkit.vision.demo.GraphicOverlay: GraphicOverlay(android.content.Context,android.util.AttributeSet)
com.google.mlkit.vision.demo.preference.SettingsActivity$LaunchSource: com.google.mlkit.vision.demo.preference.SettingsActivity$LaunchSource valueOf(java.lang.String)
com.google.mlkit.vision.demo.java.CameraXLivePreviewActivity: CameraXLivePreviewActivity()
com.google.mlkit.vision.demo.preference.SettingsActivity$LaunchSource: com.google.mlkit.vision.demo.preference.SettingsActivity$LaunchSource[] values()
...
com.google.android.gms.internal.mlkit_vision_label_custom.zzaar: int zzn
com.google.android.gms.internal.mlkit_vision_internal_vkp.zzalf: boolean zzg
com.google.android.gms.internal.mlkit_vision_text_bundled_common.zbrb: com.google.android.gms.internal.mlkit_vision_text_bundled_common.zbrb zbb
com.google.android.gms.internal.mlkit_vision_text_bundled_common.zbou: int zbn
com.google.android.gms.internal.mlkit_vision_text_bundled_common.zbjl: com.google.android.gms.internal.mlkit_vision_text_bundled_common.zbjw zbt
com.google.android.gms.internal.mlkit_vision_internal_vkp.zzapz: com.google.android.gms.internal.mlkit_vision_internal_vkp.zzapc zzh
com.google.android.gms.internal.mlkit_vision_internal_vkp.zznj: com.google.android.gms.internal.mlkit_vision_internal_vkp.zzagm zzl
com.google.android.gms.internal.mlkit_vision_text_bundled_common.zbpa: com.google.android.gms.internal.mlkit_vision_text_bundled_common.zbpa zbe
com.google.android.gms.internal.mlkit_vision_internal_vkp.zzqf: int zze
com.google.android.gms.internal.mlkit_vision_internal_vkp.zztm: boolean zzh
com.google.android.gms.internal.mlkit_vision_internal_vkp.zzasr: int zzf
com.google.android.gms.internal.mlkit_vision_face_bundled.zzqx: java.lang.String zzh
com.google.android.gms.internal.mlkit_vision_internal_vkp.zzasx: com.google.android.gms.internal.mlkit_vision_internal_vkp.zzasx zzb
com.google.android.gms.internal.mlkit_vision_text_bundled_common.zbjw: com.google.android.gms.internal.mlkit_vision_text_bundled_common.zbnz zbi
com.google.android.gms.internal.mlkit_vision_text_bundled_common.zbajo: int zbe
com.google.android.gms.internal.mlkit_vision_mediapipe.zzei: com.google.android.gms.internal.mlkit_vision_mediapipe.zzif zzk
com.google.android.gms.internal.mlkit_vision_mediapipe.zzei: com.google.android.gms.internal.mlkit_vision_mediapipe.zzfb zzq
com.google.android.gms.internal.mlkit_vision_internal_vkp.zzqf: com.google.android.gms.internal.mlkit_vision_internal_vkp.zzsg zzf
com.google.android.gms.internal.mlkit_vision_text_bundled_common.zbadm: double zbk
com.google.android.gms.internal.mlkit_vision_text_bundled_common.zbqy: java.lang.Object zbg
com.google.android.gms.internal.mlkit_vision_label_custom.zzgo: int zzb
com.google.android.gms.internal.mlkit_vision_face_bundled.zzba: com.google.android.gms.internal.mlkit_vision_face_bundled.zzba zzb
com.google.android.gms.internal.mlkit_vision_internal_vkp.zzmq: float zzi
com.google.android.gms.internal.mlkit_vision_internal_vkp.zzje: com.google.android.gms.internal.mlkit_vision_internal_vkp.zzajq zzl
com.google.android.gms.internal.mlkit_vision_label_custom.zzabe: com.google.android.gms.internal.mlkit_vision_label_custom.zzaap zzg
com.google.android.gms.internal.mlkit_vision_text_bundled_common.zbuy: int zbe
com.google.android.gms.internal.mlkit_vision_internal_vkp.zzpk: int zzj
com.google.android.libraries.vision.visionkit.pipeline.zzes: com.google.android.libraries.vision.visionkit.pipeline.zzep zzh
com.google.android.gms.internal.mlkit_vision_internal_vkp.zzalz: int zzj
com.google.android.gms.internal.mlkit_vision_internal_vkp.zzkx: int zzf
com.google.android.gms.internal.mlkit_vision_internal_vkp.zztb: long zzk
com.google.android.gms.internal.mlkit_vision_internal_vkp.zzavf: boolean zzi
com.google.android.gms.internal.mlkit_vision_internal_vkp.zzfh: float zzg
com.google.android.gms.internal.mlkit_vision_internal_vkp.zzaoi: float zzg
com.google.android.gms.internal.mlkit_vision_text_bundled_common.zbtr: float zbw
com.google.android.gms.internal.mlkit_vision_barcode_bundled.zzp: java.lang.String zzi
com.google.android.gms.internal.mlkit_vision_label_custom.zzdt: int zze
com.google.android.gms.internal.mlkit_vision_internal_vkp.zzaca: com.google.android.gms.internal.mlkit_vision_internal_vkp.zzabo zzf
com.google.android.gms.internal.mlkit_vision_internal_vkp.zzbi: boolean zzl
com.google.android.libraries.vision.visionkit.pipeline.zzcn: boolean zzi