Optimize_vision/app/build/outputs/mapping/proguard/mapping.txt
# compiler: R8
# compiler_version: 3.0.69
# min_api: 16
# pg_map_id: 9737616
# common_typos_disable
com.google.mlkit.vision.demo.BitmapUtils -> o3.a:
    boolean areUVPlanesNV21(android.media.Image$Plane[],int,int) -> a
    android.graphics.Bitmap getBitmap(java.nio.ByteBuffer,com.google.mlkit.vision.demo.FrameMetadata) -> b
    android.graphics.Bitmap getBitmap(androidx.camera.core.ImageProxy) -> c
    android.graphics.Bitmap rotateBitmap(android.graphics.Bitmap,int,boolean,boolean) -> d
    void unpackPlane(android.media.Image$Plane,int,int,byte[],int,int) -> e
    java.nio.ByteBuffer yuv420ThreePlanesToNV21(android.media.Image$Plane[],int,int) -> f
com.google.mlkit.vision.demo.CameraImageGraphic -> com.google.mlkit.vision.demo.a:
    android.graphics.Bitmap bitmap -> b
    void draw(android.graphics.Canvas) -> a
com.google.mlkit.vision.demo.CameraSource -> o3.b:
    java.util.List generateValidPreviewSizeList(android.hardware.Camera) -> a
    com.google.mlkit.vision.demo.CameraSource$SizePair selectSizePair(android.hardware.Camera,int,int) -> b
com.google.mlkit.vision.demo.CameraSource$SizePair -> o3.b$a:
    com.google.android.gms.common.images.Size preview -> a
    com.google.android.gms.common.images.Size picture -> b
com.google.mlkit.vision.demo.CameraSourcePreview -> com.google.mlkit.vision.demo.CameraSourcePreview:
    android.content.Context context -> b
    boolean surfaceAvailable -> e
    android.view.SurfaceView surfaceView -> c
    boolean startRequested -> d
    boolean access$102(com.google.mlkit.vision.demo.CameraSourcePreview,boolean) -> a
    void access$200(com.google.mlkit.vision.demo.CameraSourcePreview) -> b
    boolean isPortraitMode() -> c
    void startIfReady() -> d
com.google.mlkit.vision.demo.CameraSourcePreview$1 -> com.google.mlkit.vision.demo.CameraSourcePreview$a:
com.google.mlkit.vision.demo.CameraSourcePreview$SurfaceCallback -> com.google.mlkit.vision.demo.CameraSourcePreview$b:
    com.google.mlkit.vision.demo.CameraSourcePreview this$0 -> a
com.google.mlkit.vision.demo.CameraXViewModel -> o3.d:
    androidx.lifecycle.MutableLiveData cameraProviderLiveData -> c
    void $r8$lambda$sBBc2dTXuCf6dj_SpKQjKKNXIRc(com.google.mlkit.vision.demo.CameraXViewModel,com.google.common.util.concurrent.ListenableFuture) -> e
    androidx.lifecycle.LiveData getProcessCameraProvider() -> f
    void lambda$getProcessCameraProvider$0(com.google.common.util.concurrent.ListenableFuture) -> g
com.google.mlkit.vision.demo.EntryChoiceActivity$onCreate$1 -> com.google.mlkit.vision.demo.EntryChoiceActivity$a:
    com.google.mlkit.vision.demo.EntryChoiceActivity this$0 -> b
com.google.mlkit.vision.demo.FrameMetadata -> o3.e:
    int height -> b
    int rotation -> c
    int width -> a
    int getHeight() -> a
    int getRotation() -> b
    int getWidth() -> c
com.google.mlkit.vision.demo.FrameMetadata$1 -> o3.e$a:
com.google.mlkit.vision.demo.FrameMetadata$Builder -> o3.e$b:
    int height -> b
    int rotation -> c
    int width -> a
    com.google.mlkit.vision.demo.FrameMetadata build() -> a
    com.google.mlkit.vision.demo.FrameMetadata$Builder setHeight(int) -> b
    com.google.mlkit.vision.demo.FrameMetadata$Builder setRotation(int) -> c
    com.google.mlkit.vision.demo.FrameMetadata$Builder setWidth(int) -> d
...
com.google.android.gms.internal.mlkit_vision_label_custom.zzxp -> com.google.android.gms.internal.mlkit_vision_label_custom.uo:
com.google.android.gms.internal.mlkit_vision_label_custom.zzxq -> com.google.android.gms.internal.mlkit_vision_label_custom.vo:
    com.google.android.gms.internal.mlkit_vision_label_custom.zzxq zzb -> c
    boolean zza -> b
    void zza(com.google.android.gms.internal.mlkit_vision_label_custom.zzxq) -> d
    com.google.android.gms.internal.mlkit_vision_label_custom.zzxq zzb() -> e
    void zzc() -> m
    boolean zzd() -> n
    int zze(java.lang.Object) -> o
    void zzf() -> p
com.google.android.gms.internal.mlkit_vision_label_custom.zzxr -> com.google.android.gms.internal.mlkit_vision_label_custom.wo:
    int zza(int,java.lang.Object,java.lang.Object) -> a
com.google.android.gms.internal.mlkit_vision_label_custom.zzxs -> com.google.android.gms.internal.mlkit_vision_label_custom.xo:
    com.google.android.gms.internal.mlkit_vision_label_custom.zzxr zza -> a
    com.google.android.gms.internal.mlkit_vision_label_custom.zzxr zzb -> b
    com.google.android.gms.internal.mlkit_vision_label_custom.zzxr zza() -> a
    com.google.android.gms.internal.mlkit_vision_label_custom.zzxr zzb() -> b
com.google.android.gms.internal.mlkit_vision_label_custom.zzxt -> com.google.android.gms.internal.mlkit_vision_label_custom.yo:
    int zzc() -> a
com.google.android.gms.internal.mlkit_vision_label_custom.zzxu -> com.google.android.gms.internal.mlkit_vision_label_custom.zo:
    boolean zzb(java.lang.Class) -> a
    com.google.android.gms.internal.mlkit_vision_label_custom.zzxt zzc(java.lang.Class) -> b
com.google.android.gms.internal.mlkit_vision_label_custom.zzxv -> com.google.android.gms.internal.mlkit_vision_label_custom.ap:
    com.google.android.gms.internal.mlkit_vision_label_custom.zzxw zzs() -> b
    com.google.android.gms.internal.mlkit_vision_label_custom.zzxw zzr() -> c
    com.google.android.gms.internal.mlkit_vision_label_custom.zzxv zzk(com.google.android.gms.internal.mlkit_vision_label_custom.zzxw) -> h0
com.google.android.gms.internal.mlkit_vision_label_custom.zzxw -> com.google.android.gms.internal.mlkit_vision_label_custom.bp:
    com.google.android.gms.internal.mlkit_vision_label_custom.zzvs zzo() -> e
    int zzu() -> h
    com.google.android.gms.internal.mlkit_vision_label_custom.zzxv zzC() -> m
    void zzD(com.google.android.gms.internal.mlkit_vision_label_custom.zzvz) -> n
com.google.android.gms.internal.mlkit_vision_label_custom.zzxx -> com.google.android.gms.internal.mlkit_vision_label_custom.cp:
    boolean zzE() -> d
    com.google.android.gms.internal.mlkit_vision_label_custom.zzxw zzt() -> f
com.google.android.gms.internal.mlkit_vision_label_custom.zzxy -> com.google.android.gms.internal.mlkit_vision_label_custom.dp:
    java.lang.String zza(com.google.android.gms.internal.mlkit_vision_label_custom.zzxw,java.lang.String) -> a
    void zzb(java.lang.StringBuilder,int,java.lang.String,java.lang.Object) -> b
    void zzc(com.google.android.gms.internal.mlkit_vision_label_custom.zzxw,java.lang.StringBuilder,int) -> c
    java.lang.String zzd(java.lang.String) -> d