Optimize_vision/app/build/outputs/mapping/proguard/usage.txt
com.google.mlkit.vision.demo.BitmapUtils:
    private static final java.lang.String TAG
    public void <init>()
    public static android.graphics.Bitmap getBitmapFromContentUri(android.content.ContentResolver,android.net.Uri)
    private static int getExifOrientationTag(android.content.ContentResolver,android.net.Uri)
com.google.mlkit.vision.demo.BuildConfig
com.google.mlkit.vision.demo.CameraSource$1
com.google.mlkit.vision.demo.CameraSource$CameraPreviewCallback
com.google.mlkit.vision.demo.CameraSource$FrameProcessingRunnable
com.google.mlkit.vision.demo.CameraSource$SizePair:
    public void <init>(com.google.android.gms.common.images.Size,com.google.android.gms.common.images.Size)
com.google.mlkit.vision.demo.CameraSource:
    private static final float ASPECT_RATIO_TOLERANCE
    public static final int CAMERA_FACING_BACK
    public static final int CAMERA_FACING_FRONT
    public static final int DEFAULT_REQUESTED_CAMERA_PREVIEW_HEIGHT
    public static final int DEFAULT_REQUESTED_CAMERA_PREVIEW_WIDTH
    private static final int DUMMY_TEXTURE_NAME
    public static final int IMAGE_FORMAT
    private static final boolean REQUESTED_AUTO_FOCUS
    private static final float REQUESTED_FPS
    private static final java.lang.String TAG
    protected android.app.Activity activity
    private final java.util.IdentityHashMap bytesToByteBuffer
    private android.hardware.Camera camera
    private android.graphics.SurfaceTexture dummySurfaceTexture
    private int facing
    private com.google.mlkit.vision.demo.VisionImageProcessor frameProcessor
    private final com.google.mlkit.vision.demo.GraphicOverlay graphicOverlay
    private com.google.android.gms.common.images.Size previewSize
    private final com.google.mlkit.vision.demo.CameraSource$FrameProcessingRunnable processingRunnable
    private java.lang.Thread processingThread
    private final java.lang.Object processorLock
    private int rotationDegrees
    public void <init>(android.app.Activity,com.google.mlkit.vision.demo.GraphicOverlay)
    static synthetic com.google.mlkit.vision.demo.CameraSource$FrameProcessingRunnable access$100(com.google.mlkit.vision.demo.CameraSource)
com.google.mlkit.vision.demo.CameraSourcePreview:
    private static final java.lang.String TAG
    public void release()
    private void start(com.google.mlkit.vision.demo.CameraSource)
    public void start(com.google.mlkit.vision.demo.CameraSource,com.google.mlkit.vision.demo.GraphicOverlay)
    public void stop()
com.google.mlkit.vision.demo.CameraXViewModel:
    private static final java.lang.String TAG
com.google.mlkit.vision.demo.GraphicOverlay$Graphic:
    public android.content.Context getApplicationContext()
    public boolean isImageFlipped()
com.google.mlkit.vision.demo.GraphicOverlay:
    public void remove(com.google.mlkit.vision.demo.GraphicOverlay$Graphic)
com.google.mlkit.vision.demo.InferenceInfoGraphic:
    private static final int TEXT_COLOR
    private static final float TEXT_SIZE
    public void <init>(com.google.mlkit.vision.demo.GraphicOverlay)
com.google.mlkit.vision.demo.R$anim
com.google.mlkit.vision.demo.R$array
com.google.mlkit.vision.demo.R$attr
com.google.mlkit.vision.demo.R$bool
com.google.mlkit.vision.demo.R$color
com.google.mlkit.vision.demo.R$dimen
com.google.mlkit.vision.demo.R$drawable
com.google.mlkit.vision.demo.R$id
com.google.mlkit.vision.demo.R$integer
com.google.mlkit.vision.demo.R$interpolator
com.google.mlkit.vision.demo.R$layout
com.google.mlkit.vision.demo.R$menu
com.google.mlkit.vision.demo.R$mipmap
com.google.mlkit.vision.demo.R$string
com.google.mlkit.vision.demo.R$style
com.google.mlkit.vision.demo.R$styleable
com.google.mlkit.vision.demo.R$xml
com.google.mlkit.vision.demo.R
com.google.mlkit.vision.demo.TemperatureMonitor
...
androidx.appcompat.text.AllCapsTransformationMethod
androidx.appcompat.view.ActionMode:
    public boolean isUiFocusable()
androidx.appcompat.view.StandaloneActionMode:
    public boolean isUiFocusable()
    public void onCloseMenu(androidx.appcompat.view.menu.MenuBuilder,boolean)
    public void onCloseSubMenu(androidx.appcompat.view.menu.SubMenuBuilder)
    public boolean onSubMenuSelected(androidx.appcompat.view.menu.SubMenuBuilder)
androidx.appcompat.view.SupportMenuInflater$MenuState:
    private static final int defaultGroupId
    private static final int defaultItemCategory
    private static final int defaultItemCheckable
    private static final boolean defaultItemChecked
    private static final boolean defaultItemEnabled
    private static final int defaultItemId
    private static final int defaultItemOrder
    private static final boolean defaultItemVisible
androidx.appcompat.view.SupportMenuInflater:
    static final java.lang.String LOG_TAG
    static final int NO_ID
    private static final java.lang.String XML_GROUP
    private static final java.lang.String XML_ITEM
    private static final java.lang.String XML_MENU
androidx.appcompat.view.WindowCallbackWrapper:
    public void onContentChanged()
androidx.appcompat.view.menu.ActionMenuItem:
    private static final int CHECKABLE
    private static final int CHECKED
    private static final int ENABLED
    private static final int EXCLUSIVE
    private static final int HIDDEN
    public boolean invoke()
    public boolean requiresActionButton()
    public boolean requiresOverflow()
    public androidx.appcompat.view.menu.ActionMenuItem setExclusiveCheckable(boolean)
androidx.appcompat.view.menu.ActionMenuItemView:
    private static final int MAX_ICON_SIZE
    private static final java.lang.String TAG
    public void <init>(android.content.Context)
    public void setShortcut(boolean,char)
    public boolean showsIcon()
androidx.appcompat.view.menu.BaseMenuPresenter:
    public boolean flagActionItems()
    public int getId()
androidx.appcompat.view.menu.CascadingMenuPopup$HorizPosition
androidx.appcompat.view.menu.CascadingMenuPopup:
    static final int HORIZ_POSITION_LEFT
    static final int HORIZ_POSITION_RIGHT
    static final int SUBMENU_TIMEOUT_MS
    public void onRestoreInstanceState(android.os.Parcelable)
    public android.os.Parcelable onSaveInstanceState()
androidx.appcompat.view.menu.ListMenuItemView:
    private static final java.lang.String TAG
    public boolean showsIcon()
androidx.appcompat.view.menu.ListMenuPresenter:
    private static final java.lang.String TAG
    public static final java.lang.String VIEWS_TAG
    private int mId
    public int getId()
    int getItemIndexOffset()
    public void onRestoreInstanceState(android.os.Parcelable)
    public android.os.Parcelable onSaveInstanceState()
    public void restoreHierarchyState(android.os.Bundle)
    public void saveHierarchyState(android.os.Bundle)
    public void setId(int)
    public void setItemIndexOffset(int)
androidx.appcompat.view.menu.MenuAdapter:
    public boolean getForceShowIcon()
androidx.appcompat.view.menu.MenuBuilder:
    private static final java.lang.String ACTION_VIEW_STATES_KEY
    private static final java.lang.String EXPANDED_ACTION_VIEW_ID
    private static final java.lang.String PRESENTER_KEY
    private static final java.lang.String TAG
    public void clearAll()
    private void dispatchRestoreInstanceState(android.os.Bundle)
    private void dispatchSaveInstanceState(android.os.Bundle)
    public void removeItemAt(int)
    public void restorePresenterStates(android.os.Bundle)
    public void savePresenterStates(android.os.Bundle)
    public void setCurrentMenuInfo(android.view.ContextMenu$ContextMenuInfo)
    public void setOptionalIconsVisible(boolean)
    public void setShortcutsVisible(boolean)
androidx.appcompat.view.menu.MenuDialogHelper:
    public void setPresenterCallback(androidx.appcompat.view.menu.MenuPresenter$Callback)